Connecting to database specified by database.yml
Connecting to database specified by database.yml
  [1m[36m (0.0ms)[0m  [1mselect sqlite_version(*)[0m
  [1m[35m (140.5ms)[0m  CREATE TABLE "schema_migrations" ("version" varchar(255) NOT NULL) 
  [1m[36m (0.0ms)[0m  [1mPRAGMA index_list("schema_migrations")[0m
  [1m[35m (98.1ms)[0m  CREATE UNIQUE INDEX "unique_schema_migrations" ON "schema_migrations" ("version")
  [1m[36m (0.0ms)[0m  [1mSELECT "schema_migrations"."version" FROM "schema_migrations" [0m
Migrating to CreateProducts (20130416135548)
  [1m[35m (0.0ms)[0m  begin transaction
  [1m[36m (2.0ms)[0m  [1mCREATE TABLE "products" ("id" INTEGER PRIMARY KEY AUTOINCREMENT NOT NULL, "title" varchar(255), "description" text, "image_url" varchar(255), "price" decimal(8,2), "created_at" datetime NOT NULL, "updated_at" datetime NOT NULL) [0m
  [1m[35m (0.0ms)[0m  INSERT INTO "schema_migrations" ("version") VALUES ('20130416135548')
  [1m[36m (109.3ms)[0m  [1mcommit transaction[0m
  [1m[35m (1.0ms)[0m  select sqlite_version(*)
  [1m[36m (1.0ms)[0m  [1mSELECT "schema_migrations"."version" FROM "schema_migrations" [0m
  [1m[35m (0.0ms)[0m  PRAGMA index_list("products")


Started GET "/assets/rails.png" for 127.0.0.1 at 2013-04-16 09:58:13 -0400
Connecting to database specified by database.yml
Served asset /rails.png - 304 Not Modified (60ms)


Started GET "/products" for 127.0.0.1 at 2013-04-16 09:58:17 -0400
Processing by ProductsController#index as HTML
  [1m[36mProduct Load (1.0ms)[0m  [1mSELECT "products".* FROM "products" [0m
  Rendered products/index.html.erb within layouts/application (8.0ms)
Compiled products.css  (15ms)  (pid 8528)
Compiled scaffolds.css  (21ms)  (pid 8528)
Compiled application.css  (94ms)  (pid 8528)
Compiled jquery.js  (6ms)  (pid 8528)
Compiled jquery_ujs.js  (1ms)  (pid 8528)
Completed 500 Internal Server Error in 993ms

ActionView::Template::Error (
  (in C:/Sites/qwstore/app/assets/javascripts/products.js.coffee)):
    3: <head>
    4:   <title>Qwstore</title>
    5:   <%= stylesheet_link_tag    "application", :media => "all" %>
    6:   <%= javascript_include_tag "application" %>
    7:   <%= csrf_meta_tags %>
    8: </head>
    9: <body>
  app/views/layouts/application.html.erb:6:in `_app_views_layouts_application_html_erb__849902476_28702236'
  app/controllers/products_controller.rb:7:in `index'


  Rendered C:/RailsInstaller/Ruby1.9.3/lib/ruby/gems/1.9.1/gems/actionpack-3.2.6/lib/action_dispatch/middleware/templates/rescues/_trace.erb (8.0ms)
  Rendered C:/RailsInstaller/Ruby1.9.3/lib/ruby/gems/1.9.1/gems/actionpack-3.2.6/lib/action_dispatch/middleware/templates/rescues/_request_and_response.erb (2.0ms)
  Rendered C:/RailsInstaller/Ruby1.9.3/lib/ruby/gems/1.9.1/gems/actionpack-3.2.6/lib/action_dispatch/middleware/templates/rescues/template_error.erb within rescues/layout (37.0ms)


Started GET "/products" for 127.0.0.1 at 2013-04-16 10:06:56 -0400
Connecting to database specified by database.yml
Processing by ProductsController#index as HTML
  [1m[36mProduct Load (0.0ms)[0m  [1mSELECT "products".* FROM "products" [0m
  Rendered products/index.html.erb within layouts/application (20.0ms)
Compiled products.js  (190ms)  (pid 9640)
Compiled application.js  (227ms)  (pid 9640)
Completed 200 OK in 389ms (Views: 348.3ms | ActiveRecord: 5.0ms)


Started GET "/assets/application.css?body=1" for 127.0.0.1 at 2013-04-16 10:06:57 -0400
Served asset /application.css - 200 OK (12ms)


Started GET "/assets/products.css?body=1" for 127.0.0.1 at 2013-04-16 10:06:57 -0400
Served asset /products.css - 200 OK (3ms)


Started GET "/assets/scaffolds.css?body=1" for 127.0.0.1 at 2013-04-16 10:06:57 -0400
Served asset /scaffolds.css - 200 OK (3ms)


Started GET "/assets/jquery.js?body=1" for 127.0.0.1 at 2013-04-16 10:06:57 -0400
Served asset /jquery.js - 200 OK (4ms)


Started GET "/assets/jquery_ujs.js?body=1" for 127.0.0.1 at 2013-04-16 10:06:57 -0400
Served asset /jquery_ujs.js - 200 OK (4ms)


Started GET "/assets/products.js?body=1" for 127.0.0.1 at 2013-04-16 10:06:57 -0400
Served asset /products.js - 200 OK (4ms)


Started GET "/assets/application.js?body=1" for 127.0.0.1 at 2013-04-16 10:06:57 -0400
Served asset /application.js - 200 OK (34ms)


Started GET "/products/new" for 127.0.0.1 at 2013-04-16 10:12:33 -0400
Processing by ProductsController#new as HTML
  Rendered products/_form.html.erb (15.0ms)
  Rendered products/new.html.erb within layouts/application (27.0ms)
Completed 200 OK in 49ms (Views: 38.0ms | ActiveRecord: 0.0ms)


Started GET "/assets/application.css?body=1" for 127.0.0.1 at 2013-04-16 10:12:34 -0400
Served asset /application.css - 304 Not Modified (0ms)


Started GET "/assets/products.css?body=1" for 127.0.0.1 at 2013-04-16 10:12:34 -0400
Served asset /products.css - 304 Not Modified (0ms)


Started GET "/assets/scaffolds.css?body=1" for 127.0.0.1 at 2013-04-16 10:12:34 -0400
Served asset /scaffolds.css - 304 Not Modified (0ms)


Started GET "/assets/products.js?body=1" for 127.0.0.1 at 2013-04-16 10:12:34 -0400
Served asset /products.js - 304 Not Modified (1ms)


Started GET "/assets/application.js?body=1" for 127.0.0.1 at 2013-04-16 10:12:34 -0400
Served asset /application.js - 304 Not Modified (1ms)


Started GET "/products/new" for 127.0.0.1 at 2013-04-16 10:13:14 -0400
Processing by ProductsController#new as HTML
  Rendered products/_form.html.erb (6.0ms)
  Rendered products/new.html.erb within layouts/application (9.0ms)
Completed 200 OK in 21ms (Views: 21.0ms | ActiveRecord: 0.0ms)


Started GET "/assets/application.css?body=1" for 127.0.0.1 at 2013-04-16 10:13:14 -0400
Served asset /application.css - 304 Not Modified (0ms)


Started GET "/assets/scaffolds.css?body=1" for 127.0.0.1 at 2013-04-16 10:13:14 -0400
Served asset /scaffolds.css - 304 Not Modified (0ms)


Started GET "/assets/jquery.js?body=1" for 127.0.0.1 at 2013-04-16 10:13:14 -0400
Served asset /jquery.js - 304 Not Modified (0ms)


Started GET "/assets/products.css?body=1" for 127.0.0.1 at 2013-04-16 10:13:14 -0400
Served asset /products.css - 304 Not Modified (1ms)


Started GET "/assets/jquery_ujs.js?body=1" for 127.0.0.1 at 2013-04-16 10:13:14 -0400
Served asset /jquery_ujs.js - 304 Not Modified (0ms)


Started GET "/assets/products.js?body=1" for 127.0.0.1 at 2013-04-16 10:13:14 -0400
Served asset /products.js - 304 Not Modified (0ms)


Started GET "/assets/application.js?body=1" for 127.0.0.1 at 2013-04-16 10:13:14 -0400
Served asset /application.js - 304 Not Modified (1ms)


Started POST "/products" for 127.0.0.1 at 2013-04-16 10:15:25 -0400
Processing by ProductsController#create as HTML
  Parameters: {"utf8"=>"✓", "authenticity_token"=>"oR1FEX4PmyVShzbzsIifSzLZUmsi5SYNiFW+bYnaVus=", "product"=>{"title"=>"3-ft. White Nylon Whip", "description"=>"This whip is three feet long and has not been dyed any color.  It has a black grip-taped handle and a frayed pommel.", "image_url"=>"3ftWhiteWhip.png", "price"=>"15.00"}, "commit"=>"Create Product"}
  [1m[35m (0.0ms)[0m  begin transaction
  [1m[36mSQL (53.8ms)[0m  [1mINSERT INTO "products" ("created_at", "description", "image_url", "price", "title", "updated_at") VALUES (?, ?, ?, ?, ?, ?)[0m  [["created_at", Tue, 16 Apr 2013 14:15:25 UTC +00:00], ["description", "This whip is three feet long and has not been dyed any color.  It has a black grip-taped handle and a frayed pommel."], ["image_url", "3ftWhiteWhip.png"], ["price", #<BigDecimal:38f5068,'0.15E2',9(18)>], ["title", "3-ft. White Nylon Whip"], ["updated_at", Tue, 16 Apr 2013 14:15:25 UTC +00:00]]
  [1m[35m (151.1ms)[0m  commit transaction
Redirected to http://localhost:3000/products/1
Completed 302 Found in 213ms (ActiveRecord: 204.9ms)


Started GET "/products/1" for 127.0.0.1 at 2013-04-16 10:15:25 -0400
Processing by ProductsController#show as HTML
  Parameters: {"id"=>"1"}
  [1m[36mProduct Load (1.0ms)[0m  [1mSELECT "products".* FROM "products" WHERE "products"."id" = ? LIMIT 1[0m  [["id", "1"]]
  Rendered products/show.html.erb within layouts/application (2.0ms)
Completed 200 OK in 17ms (Views: 14.0ms | ActiveRecord: 1.0ms)


Started GET "/assets/application.css?body=1" for 127.0.0.1 at 2013-04-16 10:15:25 -0400
Served asset /application.css - 304 Not Modified (0ms)


Started GET "/assets/products.css?body=1" for 127.0.0.1 at 2013-04-16 10:15:25 -0400
Served asset /products.css - 304 Not Modified (0ms)


Started GET "/assets/scaffolds.css?body=1" for 127.0.0.1 at 2013-04-16 10:15:26 -0400
Served asset /scaffolds.css - 304 Not Modified (0ms)


Started GET "/assets/jquery.js?body=1" for 127.0.0.1 at 2013-04-16 10:15:26 -0400
Served asset /jquery.js - 304 Not Modified (0ms)


Started GET "/assets/jquery_ujs.js?body=1" for 127.0.0.1 at 2013-04-16 10:15:26 -0400
Served asset /jquery_ujs.js - 304 Not Modified (0ms)


Started GET "/assets/products.js?body=1" for 127.0.0.1 at 2013-04-16 10:15:26 -0400
Served asset /products.js - 304 Not Modified (1ms)


Started GET "/assets/application.js?body=1" for 127.0.0.1 at 2013-04-16 10:15:26 -0400
Served asset /application.js - 304 Not Modified (0ms)
Connecting to database specified by database.yml
  [1m[36m (1.0ms)[0m  [1mSELECT "schema_migrations"."version" FROM "schema_migrations" [0m
  [1m[35m (0.0ms)[0m  select sqlite_version(*)
  [1m[36m (158.5ms)[0m  [1mCREATE TABLE "products" ("id" INTEGER PRIMARY KEY AUTOINCREMENT NOT NULL, "title" varchar(255), "description" text, "image_url" varchar(255), "price" decimal(8,2), "created_at" datetime NOT NULL, "updated_at" datetime NOT NULL) [0m
  [1m[35m (132.6ms)[0m  CREATE TABLE "schema_migrations" ("version" varchar(255) NOT NULL) 
  [1m[36m (0.0ms)[0m  [1mPRAGMA index_list("schema_migrations")[0m
  [1m[35m (128.8ms)[0m  CREATE UNIQUE INDEX "unique_schema_migrations" ON "schema_migrations" ("version")
  [1m[36m (1.0ms)[0m  [1mSELECT version FROM "schema_migrations"[0m
  [1m[35m (119.8ms)[0m  INSERT INTO "schema_migrations" (version) VALUES ('20130416135548')
Connecting to database specified by database.yml
  [1m[36m (0.0ms)[0m  [1mSELECT "schema_migrations"."version" FROM "schema_migrations" [0m
  [1m[35mSQL (129.3ms)[0m  DELETE FROM "products"
  [1m[36m (0.0ms)[0m  [1mbegin transaction[0m
  [1m[35mSQL (12.0ms)[0m  INSERT INTO "products" ("created_at", "description", "image_url", "price", "title", "updated_at") VALUES (?, ?, ?, ?, ?, ?)  [["created_at", Tue, 16 Apr 2013 14:27:28 UTC +00:00], ["description", "<p>\n        This whip is three feet long and has not been dyed any color. \n        It has a black grip-taped handle and a frayed pommel.\n    </p>"], ["image_url", "3ftWhiteWhip.png"], ["price", #<BigDecimal:453c4e0,'0.15E2',9(45)>], ["title", "3-ft. White Nylon Whip"], ["updated_at", Tue, 16 Apr 2013 14:27:28 UTC +00:00]]
  [1m[36m (131.8ms)[0m  [1mcommit transaction[0m
  [1m[35m (0.0ms)[0m  begin transaction
  [1m[36mSQL (1.6ms)[0m  [1mINSERT INTO "products" ("created_at", "description", "image_url", "price", "title", "updated_at") VALUES (?, ?, ?, ?, ?, ?)[0m  [["created_at", Tue, 16 Apr 2013 14:27:28 UTC +00:00], ["description", "<p>\n        This whip is four feet long and has been dyed cherry red. \n        It has a black grip-taped handle and a frayed pommel.\n    </p>"], ["image_url", "4ftRedWhip.png"], ["price", #<BigDecimal:4541610,'0.25E2',9(45)>], ["title", "4-ft. Red Nylon Whip"], ["updated_at", Tue, 16 Apr 2013 14:27:28 UTC +00:00]]
  [1m[35m (173.9ms)[0m  commit transaction
  [1m[36m (0.0ms)[0m  [1mbegin transaction[0m
  [1m[35mSQL (2.5ms)[0m  INSERT INTO "products" ("created_at", "description", "image_url", "price", "title", "updated_at") VALUES (?, ?, ?, ?, ?, ?)  [["created_at", Tue, 16 Apr 2013 14:27:28 UTC +00:00], ["description", "<p>\n        This whip is six feet long and has been dyed royal blue. \n        It has a black grip-taped handle and a frayed pommel.\n    </p>"], ["image_url", "6ftBlueWhip.png"], ["price", #<BigDecimal:454d100,'0.35E2',9(45)>], ["title", "6-ft. Blue Nylon Whip"], ["updated_at", Tue, 16 Apr 2013 14:27:28 UTC +00:00]]
  [1m[36m (184.4ms)[0m  [1mcommit transaction[0m


Started GET "/products/" for 127.0.0.1 at 2013-04-16 10:42:53 -0400
Processing by ProductsController#index as HTML
  [1m[35mProduct Load (1.0ms)[0m  SELECT "products".* FROM "products" 
  Rendered products/index.html.erb within layouts/application (84.1ms)
Completed 500 Internal Server Error in 91ms

ActionView::Template::Error (undefined local variable or method `delete' for #<#<Class:0x49df358>:0x38c0e08>):
    18:     <td class="list_actions">
    19:     	<%= link_to 'Show', product %><br />
    20:     	<%= link_to 'Edit', edit_product_path(product) %><br />
    21:     	<%= link_to 'Destroy', product, method: delete, data: { confirm: 'Are you sure?' } %>
    22:     </td>
    23:   </tr>
    24: <% end %>
  app/views/products/index.html.erb:21:in `block in _app_views_products_index_html_erb__489591059_29727312'
  app/views/products/index.html.erb:4:in `each'
  app/views/products/index.html.erb:4:in `_app_views_products_index_html_erb__489591059_29727312'
  app/controllers/products_controller.rb:7:in `index'


  Rendered C:/RailsInstaller/Ruby1.9.3/lib/ruby/gems/1.9.1/gems/actionpack-3.2.6/lib/action_dispatch/middleware/templates/rescues/_trace.erb (6.0ms)
  Rendered C:/RailsInstaller/Ruby1.9.3/lib/ruby/gems/1.9.1/gems/actionpack-3.2.6/lib/action_dispatch/middleware/templates/rescues/_request_and_response.erb (2.0ms)
  Rendered C:/RailsInstaller/Ruby1.9.3/lib/ruby/gems/1.9.1/gems/actionpack-3.2.6/lib/action_dispatch/middleware/templates/rescues/template_error.erb within rescues/layout (36.0ms)


Started GET "/products/" for 127.0.0.1 at 2013-04-16 10:43:18 -0400
Processing by ProductsController#index as HTML
  [1m[36mProduct Load (1.0ms)[0m  [1mSELECT "products".* FROM "products" [0m
  Rendered products/index.html.erb within layouts/application (7.0ms)
Compiled products.css  (22ms)  (pid 9640)
Compiled application.css  (2ms)  (pid 9640)
Completed 200 OK in 106ms (Views: 103.6ms | ActiveRecord: 1.0ms)


Started GET "/assets/application.css?body=1" for 127.0.0.1 at 2013-04-16 10:43:18 -0400
Served asset /application.css - 304 Not Modified (15ms)


Started GET "/assets/products.css?body=1" for 127.0.0.1 at 2013-04-16 10:43:18 -0400
Served asset /products.css - 200 OK (5ms)


Started GET "/assets/scaffolds.css?body=1" for 127.0.0.1 at 2013-04-16 10:43:18 -0400
Served asset /scaffolds.css - 304 Not Modified (1ms)


Started GET "/assets/jquery_ujs.js?body=1" for 127.0.0.1 at 2013-04-16 10:43:18 -0400
Served asset /jquery_ujs.js - 304 Not Modified (0ms)


Started GET "/assets/jquery.js?body=1" for 127.0.0.1 at 2013-04-16 10:43:18 -0400
Served asset /jquery.js - 304 Not Modified (0ms)


Started GET "/assets/products.js?body=1" for 127.0.0.1 at 2013-04-16 10:43:19 -0400
Served asset /products.js - 304 Not Modified (0ms)


Started GET "/assets/application.js?body=1" for 127.0.0.1 at 2013-04-16 10:43:19 -0400
Served asset /application.js - 304 Not Modified (1ms)


Started GET "/assets/3ftWhiteWhip.png" for 127.0.0.1 at 2013-04-16 10:43:19 -0400
Served asset /3ftWhiteWhip.png - 200 OK (24ms)


Started GET "/assets/4ftRedWhip.png" for 127.0.0.1 at 2013-04-16 10:43:19 -0400
Served asset /4ftRedWhip.png - 404 Not Found (9ms)

ActionController::RoutingError (No route matches [GET] "/assets/4ftRedWhip.png"):
  actionpack (3.2.6) lib/action_dispatch/middleware/debug_exceptions.rb:21:in `call'
  actionpack (3.2.6) lib/action_dispatch/middleware/show_exceptions.rb:56:in `call'
  railties (3.2.6) lib/rails/rack/logger.rb:26:in `call_app'
  railties (3.2.6) lib/rails/rack/logger.rb:16:in `call'
  actionpack (3.2.6) lib/action_dispatch/middleware/request_id.rb:22:in `call'
  rack (1.4.5) lib/rack/methodoverride.rb:21:in `call'
  rack (1.4.5) lib/rack/runtime.rb:17:in `call'
  activesupport (3.2.6) lib/active_support/cache/strategy/local_cache.rb:72:in `call'
  rack (1.4.5) lib/rack/lock.rb:15:in `call'
  actionpack (3.2.6) lib/action_dispatch/middleware/static.rb:62:in `call'
  railties (3.2.6) lib/rails/engine.rb:479:in `call'
  railties (3.2.6) lib/rails/application.rb:220:in `call'
  rack (1.4.5) lib/rack/content_length.rb:14:in `call'
  railties (3.2.6) lib/rails/rack/log_tailer.rb:17:in `call'
  rack (1.4.5) lib/rack/handler/webrick.rb:59:in `service'
  C:/RailsInstaller/Ruby1.9.3/lib/ruby/1.9.1/webrick/httpserver.rb:138:in `service'
  C:/RailsInstaller/Ruby1.9.3/lib/ruby/1.9.1/webrick/httpserver.rb:94:in `run'
  C:/RailsInstaller/Ruby1.9.3/lib/ruby/1.9.1/webrick/server.rb:191:in `block in start_thread'


  Rendered C:/RailsInstaller/Ruby1.9.3/lib/ruby/gems/1.9.1/gems/actionpack-3.2.6/lib/action_dispatch/middleware/templates/rescues/routing_error.erb within rescues/layout (1.0ms)


Started GET "/assets/6ftBlueWhip.png" for 127.0.0.1 at 2013-04-16 10:43:19 -0400
Served asset /6ftBlueWhip.png - 404 Not Found (8ms)

ActionController::RoutingError (No route matches [GET] "/assets/6ftBlueWhip.png"):
  actionpack (3.2.6) lib/action_dispatch/middleware/debug_exceptions.rb:21:in `call'
  actionpack (3.2.6) lib/action_dispatch/middleware/show_exceptions.rb:56:in `call'
  railties (3.2.6) lib/rails/rack/logger.rb:26:in `call_app'
  railties (3.2.6) lib/rails/rack/logger.rb:16:in `call'
  actionpack (3.2.6) lib/action_dispatch/middleware/request_id.rb:22:in `call'
  rack (1.4.5) lib/rack/methodoverride.rb:21:in `call'
  rack (1.4.5) lib/rack/runtime.rb:17:in `call'
  activesupport (3.2.6) lib/active_support/cache/strategy/local_cache.rb:72:in `call'
  rack (1.4.5) lib/rack/lock.rb:15:in `call'
  actionpack (3.2.6) lib/action_dispatch/middleware/static.rb:62:in `call'
  railties (3.2.6) lib/rails/engine.rb:479:in `call'
  railties (3.2.6) lib/rails/application.rb:220:in `call'
  rack (1.4.5) lib/rack/content_length.rb:14:in `call'
  railties (3.2.6) lib/rails/rack/log_tailer.rb:17:in `call'
  rack (1.4.5) lib/rack/handler/webrick.rb:59:in `service'
  C:/RailsInstaller/Ruby1.9.3/lib/ruby/1.9.1/webrick/httpserver.rb:138:in `service'
  C:/RailsInstaller/Ruby1.9.3/lib/ruby/1.9.1/webrick/httpserver.rb:94:in `run'
  C:/RailsInstaller/Ruby1.9.3/lib/ruby/1.9.1/webrick/server.rb:191:in `block in start_thread'


  Rendered C:/RailsInstaller/Ruby1.9.3/lib/ruby/gems/1.9.1/gems/actionpack-3.2.6/lib/action_dispatch/middleware/templates/rescues/routing_error.erb within rescues/layout (1.0ms)


Started GET "/products/" for 127.0.0.1 at 2013-04-16 10:44:16 -0400
Processing by ProductsController#index as HTML
  [1m[35mProduct Load (1.0ms)[0m  SELECT "products".* FROM "products" 
  Rendered products/index.html.erb within layouts/application (6.0ms)
Completed 200 OK in 38ms (Views: 36.0ms | ActiveRecord: 1.0ms)


Started GET "/assets/application.css?body=1" for 127.0.0.1 at 2013-04-16 10:44:16 -0400
Served asset /application.css - 304 Not Modified (1ms)


Started GET "/assets/products.css?body=1" for 127.0.0.1 at 2013-04-16 10:44:16 -0400
Served asset /products.css - 304 Not Modified (0ms)


Started GET "/assets/jquery.js?body=1" for 127.0.0.1 at 2013-04-16 10:44:16 -0400
Served asset /jquery.js - 304 Not Modified (1ms)


Started GET "/assets/scaffolds.css?body=1" for 127.0.0.1 at 2013-04-16 10:44:16 -0400
Served asset /scaffolds.css - 304 Not Modified (1ms)


Started GET "/assets/jquery_ujs.js?body=1" for 127.0.0.1 at 2013-04-16 10:44:17 -0400
Served asset /jquery_ujs.js - 304 Not Modified (0ms)


Started GET "/assets/products.js?body=1" for 127.0.0.1 at 2013-04-16 10:44:17 -0400
Served asset /products.js - 304 Not Modified (0ms)


Started GET "/assets/application.js?body=1" for 127.0.0.1 at 2013-04-16 10:44:17 -0400
Served asset /application.js - 304 Not Modified (0ms)


Started GET "/assets/3ftWhiteWhip.png" for 127.0.0.1 at 2013-04-16 10:44:17 -0400
Served asset /3ftWhiteWhip.png - 304 Not Modified (0ms)


Started GET "/assets/6ftBlueWhip.png" for 127.0.0.1 at 2013-04-16 10:44:17 -0400
Served asset /6ftBlueWhip.png - 200 OK (47ms)


Started GET "/assets/4ftRedWhip.png" for 127.0.0.1 at 2013-04-16 10:44:17 -0400
Served asset /4ftRedWhip.png - 200 OK (29ms)


Started GET "/products/3" for 127.0.0.1 at 2013-04-16 10:44:26 -0400
Processing by ProductsController#show as HTML
  Parameters: {"id"=>"3"}
  [1m[36mProduct Load (1.0ms)[0m  [1mSELECT "products".* FROM "products" WHERE "products"."id" = ? LIMIT 1[0m  [["id", "3"]]
  Rendered products/show.html.erb within layouts/application (2.0ms)
Completed 200 OK in 15ms (Views: 13.0ms | ActiveRecord: 1.0ms)


Started GET "/assets/application.css?body=1" for 127.0.0.1 at 2013-04-16 10:44:26 -0400
Served asset /application.css - 304 Not Modified (0ms)


Started GET "/assets/scaffolds.css?body=1" for 127.0.0.1 at 2013-04-16 10:44:26 -0400
Served asset /scaffolds.css - 304 Not Modified (0ms)


Started GET "/assets/products.css?body=1" for 127.0.0.1 at 2013-04-16 10:44:26 -0400
Served asset /products.css - 304 Not Modified (1ms)


Started GET "/assets/jquery.js?body=1" for 127.0.0.1 at 2013-04-16 10:44:26 -0400
Served asset /jquery.js - 304 Not Modified (0ms)


Started GET "/assets/products.js?body=1" for 127.0.0.1 at 2013-04-16 10:44:26 -0400
Served asset /products.js - 304 Not Modified (0ms)


Started GET "/assets/jquery_ujs.js?body=1" for 127.0.0.1 at 2013-04-16 10:44:26 -0400
Served asset /jquery_ujs.js - 304 Not Modified (1ms)


Started GET "/assets/application.js?body=1" for 127.0.0.1 at 2013-04-16 10:44:26 -0400
Served asset /application.js - 304 Not Modified (0ms)


Started GET "/products" for 127.0.0.1 at 2013-04-16 10:44:34 -0400
Processing by ProductsController#index as HTML
  [1m[35mProduct Load (1.0ms)[0m  SELECT "products".* FROM "products" 
  Rendered products/index.html.erb within layouts/application (7.0ms)
Completed 200 OK in 40ms (Views: 39.0ms | ActiveRecord: 1.0ms)


Started GET "/assets/application.css?body=1" for 127.0.0.1 at 2013-04-16 10:44:34 -0400
Served asset /application.css - 304 Not Modified (0ms)


Started GET "/assets/products.css?body=1" for 127.0.0.1 at 2013-04-16 10:44:34 -0400
Served asset /products.css - 304 Not Modified (0ms)


Started GET "/assets/jquery.js?body=1" for 127.0.0.1 at 2013-04-16 10:44:34 -0400
Served asset /jquery.js - 304 Not Modified (0ms)


Started GET "/assets/scaffolds.css?body=1" for 127.0.0.1 at 2013-04-16 10:44:34 -0400
Served asset /scaffolds.css - 304 Not Modified (0ms)


Started GET "/assets/jquery_ujs.js?body=1" for 127.0.0.1 at 2013-04-16 10:44:34 -0400
Served asset /jquery_ujs.js - 304 Not Modified (0ms)


Started GET "/assets/products.js?body=1" for 127.0.0.1 at 2013-04-16 10:44:34 -0400
Served asset /products.js - 304 Not Modified (0ms)


Started GET "/assets/application.js?body=1" for 127.0.0.1 at 2013-04-16 10:44:34 -0400
Served asset /application.js - 304 Not Modified (1ms)


Started GET "/assets/3ftWhiteWhip.png" for 127.0.0.1 at 2013-04-16 10:44:35 -0400
Served asset /3ftWhiteWhip.png - 304 Not Modified (0ms)
